[2017-09-22 14:25:02]	E:\Java_Pro\NLPIR_Java_Demo\Data\NLPIR.user Not valid license or your license expired! Please feel free to contact pipy_zhang@msn.com! 
[2017-09-22 14:44:58]	Cannot open file 
[2017-09-22 14:44:58]	E:\Java_Pro\NLPIR_Java_Demo\Data\KeyBlackList.pdat
[2017-09-22 14:44:58]	Failed Open file Failed Open file 
[2017-09-22 14:44:58]	Error read file
[2017-09-22 14:44:58]	E:\Java_Pro\NLPIR_Java_Demo\source\userdic.txt
[2017-09-22 14:44:58]	Error read file
[2017-09-22 14:44:58]	d:\1.txt
[2017-09-22 14:45:19]	Cannot open file 
[2017-09-22 14:45:19]	E:\Java_Pro\NLPIR_Java_Demo\Data\KeyBlackList.pdat
[2017-09-22 14:45:19]	Failed Open file Failed Open file 
[2017-09-22 14:45:19]	Error read file
[2017-09-22 14:45:19]	E:\Java_Pro\NLPIR_Java_Demo\source\userdic.txt
[2017-09-22 14:45:19]	Error read file
[2017-09-22 14:45:19]	d:\1.txt
[2017-09-22 23:46:01]	Cannot open file 
[2017-09-22 23:46:01]	E:\Java_Pro\NLPIR_Java_Demo\Data\KeyBlackList.pdat
[2017-09-22 23:47:27]	Failed Open file Failed Open file 
[2017-09-22 23:47:27]	Error read file
[2017-09-22 23:47:27]	E:\Java_Pro\NLPIR_Java_Demo\source\userdic.txt
[2017-09-22 23:48:27]	Error read file
[2017-09-22 23:48:27]	d:\1.txt
[2017-09-22 23:55:51]	Cannot open file 
[2017-09-22 23:55:51]	E:\Java_Pro\NLPIR_Java_Demo\Data\KeyBlackList.pdat
