
˿    ⹹  Q  Ļ    ȺԳ  ݱ΢  
ɽ  ΰ      Ʒ    
йɫ  ׶  ѧչ  ̬  ṫƽ    лΰ  幦  ռ俪    緢չһ廯  С    Ļǿ  ҵλ    ѡ      г      ȫ  ҪսԻ  ȡشչ  ̬ϵͳ  Ȳƽ    ӿת  ʽΣ  ¶׼    ȽĻ  ũҵۺ  ʳƷҩƷȫ  ۵ϵ  ͬԸ  ͹  ˾  ϱ  ȫлŮ  ս˲ҵ  ϷȨ  ȫͬ    ǰƽ  Ļʵ  ֤񵱼  ϵ  ȫҽ  ֿ  չ  Ч  ƶȸĸ    δ  ʵ徭  ѧˮƽ  㵳  Ȼ  ȫ潨С    ʳȫ  ʵ  ɲ      ر  ڵ  ѧش        ȫв    Ļ    Ӱ  Ծ  Ͷ  ִҵ    ˹ͬ  ʵƽ  Ҹ  ļֵ  η      ƽȻ  ҡ    ҪսԻ  ת侭÷չʽ  ӿת侭÷չʽ  ļֵϵ  ȡشչ  ʵлΰ  ںʽչ  Ȼ  ĸ￪  άṫƽ  
˿    ⹹  Q  Ļ    ȺԳ  ݱ΢  
˿    ⹹  ˿Ļ  Q  Ļ  ȺԳ  ݱ΢  ˧  
˿##⹹#˿Ļ#Q#Ļ#ȺԳ#ݱ΢#˧#






#ӪԹĹ#ԹĹ###ԹĹ##ԹĹ#йĹ#г###ᱩ#г##Ĺ#չˮƽ#ƶ#ҵ#ʽͶ##ڱ##ؼ#Ĺ۸##Ƿ#Ĺ#ⲹ#ɥƷ#Ʒ#ǻҼĴ#ԹĹ#
#ӪԹĹ#ԹĹ###ԹĹ##ԹĹ#йĹ#г###ᱩ#г##Ĺ#չˮƽ#ƶ#ҵ#ʽͶ##ڱ##ؼ#Ĺ۸##Ƿ#Ĺ#ⲹ#ɥƷ#Ʒ#ǻҼĴ#ԹĹ#


˿##⹹#˿Ļ#Q#Ļ#ȺԳ#ݱ΢#
#ӪԹĹ#ԹĹ###ԹĹ##ԹĹ#йĹ#г###ᱩ#г##Ĺ#չˮƽ#ƶ#ҵ#ʽͶ##ڱ##ؼ#Ĺ۸##Ƿ#Ĺ#ⲹ#ɥƷ#Ʒ#ǻҼĴ#ԹĹ#
˿##⹹#˿Ļ#Q#Ļ#ȺԳ#ݱ΢#
#ӪԹĹ#ԹĹ###ԹĹ##ԹĹ#йĹ#г###ᱩ#г##Ĺ#չˮƽ#ƶ#ҵ#ʽͶ##ڱ##ؼ#Ĺ۸##Ƿ#Ĺ#ⲹ#ɥƷ#Ʒ#ǻҼĴ#ԹĹ#
˿##⹹#˿Ļ#Q#Ļ#ȺԳ#ݱ΢#
#ӪԹĹ#ԹĹ###ԹĹ##ԹĹ#йĹ#г###ᱩ#г##Ĺ#չˮƽ#ƶ#ҵ#ʽͶ##ڱ##ؼ#Ĺ۸##Ƿ#Ĺ#ⲹ#ɥƷ#Ʒ#ǻҼĴ#ԹĹ#
#ӪԹĹ#ԹĹ###ԹĹ##ԹĹ#йĹ#г###ᱩ#г##Ĺ#չˮƽ#ƶ#ҵ#ʽͶ##ڱ##ؼ#Ĺ۸##Ƿ#Ĺ#ⲹ#ɥƷ#Ʒ#ǻҼĴ#ԹĹ#
#ӪԹĹ#ԹĹ###ԹĹ##ԹĹ#йĹ#г###ᱩ#г##Ĺ#չˮƽ#ƶ#ҵ#ʽͶ##ڱ##ؼ#Ĺ۸##Ƿ#Ĺ#ⲹ#ɥƷ#Ʒ#ǻҼĴ#ԹĹ#
#ӪԹĹ#ԹĹ###ԹĹ##ԹĹ#йĹ#г###ᱩ#г##Ĺ#չˮƽ#ƶ#ҵ#ʽͶ##ڱ##ؼ#Ĺ۸##Ƿ#Ĺ#ⲹ#ɥƷ#Ʒ#ǻҼĴ#ԹĹ#
˿##⹹#˿Ļ#Q#Ļ#ȺԳ#ݱ΢#
˿##⹹#˿Ļ#Q#Ļ#ȺԳ#ݱ΢#
ҵ#֬#ζ#֬#ҵ#ζ#һ#ʯҵ##Ч#ù#
˿#
˿#







˿#
war_crimes#rights_groups#Islamist_leaders#Pakistani_army#death_penalty#
#޷##Ա#޷##޷ּ#ּ#####ٶ#·#Ч#湤###Ż޷ּ#
#ض#д#б#ǰ#Զʶ#ʵȡ#ʵ÷#
ϵ
Ա##ٴ#ߵȷԺ##Ա#˾#


Ҫս#


创业孵化基地#众创空间#双创#创业担保贷款#校园招聘#校招#多益网络#互联网+#理工大学#网上报名#
